0 info it worked if it ends with ok
1 verbose cli [ '/usr/local/Cellar/node/5.9.1/bin/node',
1 verbose cli   '/usr/local/bin/npm',
1 verbose cli   'run',
1 verbose cli   'test' ]
2 info using npm@3.7.3
3 info using node@v5.9.1
4 verbose run-script [ 'pretest', 'test', 'posttest' ]
5 info lifecycle jimgcompress@1.0.0~pretest: jimgcompress@1.0.0
6 silly lifecycle jimgcompress@1.0.0~pretest: no script for pretest, continuing
7 info lifecycle jimgcompress@1.0.0~test: jimgcompress@1.0.0
8 verbose lifecycle jimgcompress@1.0.0~test: unsafe-perm in lifecycle true
9 verbose lifecycle jimgcompress@1.0.0~test: PATH: /usr/local/lib/node_modules/npm/bin/node-gyp-bin:/Users/maelon/Code/github/jIMGCompress/node_modules/.bin:/usr/local/Cellar/node/5.9.1/bin:/usr/local/bin:/usr/bin:/bin:/usr/sbin:/sbin
10 verbose lifecycle jimgcompress@1.0.0~test: CWD: /Users/maelon/Code/github/jIMGCompress
11 silly lifecycle jimgcompress@1.0.0~test: Args: [ '-c', 'node ./config/webpack.test.config.js' ]
12 silly lifecycle jimgcompress@1.0.0~test: Returned: code: 1  signal: null
13 info lifecycle jimgcompress@1.0.0~test: Failed to exec test script
14 verbose stack Error: jimgcompress@1.0.0 test: `node ./config/webpack.test.config.js`
14 verbose stack Exit status 1
14 verbose stack     at EventEmitter.<anonymous> (/usr/local/lib/node_modules/npm/lib/utils/lifecycle.js:239:16)
14 verbose stack     at emitTwo (events.js:100:13)
14 verbose stack     at EventEmitter.emit (events.js:185:7)
14 verbose stack     at ChildProcess.<anonymous> (/usr/local/lib/node_modules/npm/lib/utils/spawn.js:24:14)
14 verbose stack     at emitTwo (events.js:100:13)
14 verbose stack     at ChildProcess.emit (events.js:185:7)
14 verbose stack     at maybeClose (internal/child_process.js:850:16)
14 verbose stack     at Process.ChildProcess._handle.onexit (internal/child_process.js:215:5)
15 verbose pkgid jimgcompress@1.0.0
16 verbose cwd /Users/maelon/Code/github/jIMGCompress
17 error Darwin 15.3.0
18 error argv "/usr/local/Cellar/node/5.9.1/bin/node" "/usr/local/bin/npm" "run" "test"
19 error node v5.9.1
20 error npm  v3.7.3
21 error code ELIFECYCLE
22 error jimgcompress@1.0.0 test: `node ./config/webpack.test.config.js`
22 error Exit status 1
23 error Failed at the jimgcompress@1.0.0 test script 'node ./config/webpack.test.config.js'.
23 error Make sure you have the latest version of node.js and npm installed.
23 error If you do, this is most likely a problem with the jimgcompress package,
23 error not with npm itself.
23 error Tell the author that this fails on your system:
23 error     node ./config/webpack.test.config.js
23 error You can get information on how to open an issue for this project with:
23 error     npm bugs jimgcompress
23 error Or if that isn't available, you can get their info via:
23 error     npm owner ls jimgcompress
23 error There is likely additional logging output above.
24 verbose exit [ 1, true ]
